Arguments: 
  C:\Users\NamHuuNam-PC\Desktop\FXServer2\FXServer.exe C:\Users\NamHuuNam-PC\Desktop\FXServer2\server-data\resources\[system]\[builders]\yarn\yarn_cli.js install

PATH: 
  C:\Program Files (x86)\NVIDIA Corporation\PhysX\Common;C:\Windows\system32;C:\Windows;C:\Windows\System32\Wbem;C:\Windows\System32\WindowsPowerShell\v1.0\;C:\Program Files\Git\cmd;C:\Users\NamHuuNam-PC\AppData\Local\Microsoft\WindowsApps;

Yarn version: 
  1.13.0

Node version: 
  8.12.0

Platform: 
  win32 x64

Trace: 
  Error: https://registry.yarnpkg.com/vm-browserify/-/vm-browserify-0.0.4.tgz: ENOENT: no such file or directory, open 'C:\Users\NamHuuNam-PC\AppData\Local\Yarn\Cache\v4\npm-vm-browserify-0.0.4-5d7ea45bbef9e4a6ff65f95438e0a87c357d5a73\node_modules\vm-browserify\.yarn-tarball.tgz'

npm manifest: 
  {
    "name": "webpack-builder",
    "version": "1.0.0",
    "description": "",
    "main": "index.js",
    "scripts": {
      "test": "echo \"Error: no test specified\" && exit 1"
    },
    "author": "",
    "license": "ISC",
    "dependencies": {
      "async": "^2.6.1",
      "webpack": "^4.12.0",
      "worker-farm": "^1.6.0"
    }
  }

yarn manifest: 
  No manifest

Lockfile: 
  No lockfile
